2017-07-04 11:43:42,715 17628 INFO plpgsql is installed
2017-07-04 11:43:42,717 17628 INFO Installing pgq
2017-07-04 11:43:42,717 17628 INFO   Reading from /usr/share/skytools3/pgq.sql
2017-07-04 11:43:43,435 17628 INFO pgq.get_batch_cursor is installed
2017-07-04 11:43:43,435 17628 INFO Installing pgq_ext
2017-07-04 11:43:43,435 17628 INFO   Reading from /usr/share/skytools3/pgq_ext.sql
2017-07-04 11:43:43,936 17628 INFO Installing pgq_node
2017-07-04 11:43:43,937 17628 INFO   Reading from /usr/share/skytools3/pgq_node.sql
2017-07-04 11:43:44,444 17628 INFO Installing londiste
2017-07-04 11:43:44,444 17628 INFO   Reading from /usr/share/skytools3/londiste.sql
2017-07-04 11:43:44,894 17628 INFO londiste.global_add_table is installed
2017-07-04 11:43:44,905 17628 INFO Initializing node
2017-07-04 11:43:44,905 17628 INFO Location registered
2017-07-04 11:43:45,238 17628 INFO Node "node1" initialized for queue "replika" with type "root"
2017-07-04 11:43:45,260 17628 INFO Done
2017-07-04 11:44:12,168 17643 INFO Consumer uptodate = 1
2017-07-04 11:44:22,187 17643 INFO {standby: 1}
2017-07-04 11:44:33,233 17643 INFO {standby: 1}
2017-07-04 11:44:44,259 17643 INFO {standby: 1}
2017-07-04 11:44:55,309 17643 INFO {standby: 1}
2017-07-04 11:45:06,329 17643 INFO {standby: 1}
2017-07-04 11:45:17,358 17643 INFO {standby: 1}
2017-07-04 11:45:28,378 17643 INFO {standby: 1}
2017-07-04 11:45:39,408 17643 INFO {standby: 1}
2017-07-04 11:45:50,429 17643 INFO {standby: 1}
2017-07-04 11:46:01,453 17643 INFO {standby: 1}
2017-07-04 11:46:12,475 17643 INFO {standby: 1}
2017-07-04 11:46:23,559 17643 INFO {standby: 1}
2017-07-04 11:46:34,575 17643 INFO {standby: 1}
2017-07-04 11:46:45,591 17643 INFO {standby: 1}
2017-07-04 11:46:56,609 17643 INFO {standby: 1}
2017-07-04 11:47:07,626 17643 INFO {standby: 1}
2017-07-04 11:47:18,663 17643 INFO {standby: 1}
2017-07-04 11:47:29,686 17643 INFO {standby: 1}
2017-07-04 11:47:40,703 17643 INFO {standby: 1}
2017-07-04 11:47:51,731 17643 INFO {standby: 1}
2017-07-04 11:48:02,775 17643 INFO {standby: 1}
2017-07-04 11:48:13,807 17643 INFO {standby: 1}
2017-07-04 11:48:24,837 17643 INFO {standby: 1}
2017-07-04 11:48:35,863 17643 INFO {standby: 1}
2017-07-04 11:48:46,891 17643 INFO {standby: 1}
2017-07-04 11:48:57,923 17643 INFO {standby: 1}
2017-07-04 11:49:08,942 17643 INFO {standby: 1}
2017-07-04 11:49:19,971 17643 INFO {standby: 1}
2017-07-04 11:49:30,997 17643 INFO {standby: 1}
2017-07-04 11:49:42,033 17643 INFO {standby: 1}
2017-07-04 11:49:53,061 17643 INFO {standby: 1}
2017-07-04 11:50:04,083 17643 INFO {standby: 1}
2017-07-04 11:50:15,100 17643 INFO {standby: 1}
2017-07-04 11:50:26,115 17643 INFO {standby: 1}
2017-07-04 11:50:37,148 17643 INFO {standby: 1}
2017-07-04 11:50:48,162 17643 INFO {standby: 1}
2017-07-04 11:50:59,184 17643 INFO {standby: 1}
2017-07-04 11:51:10,212 17643 INFO {standby: 1}
2017-07-04 11:51:15,684 17781 INFO Table added: public.pgbench_accounts
2017-07-04 11:51:15,707 17781 INFO Table added: public.pgbench_branches
2017-07-04 11:51:15,716 17781 INFO Table added: public.pgbench_history
2017-07-04 11:51:15,724 17781 INFO Table added: public.pgbench_tellers
2017-07-04 11:51:21,231 17643 INFO {standby: 1}
2017-07-04 11:51:32,269 17643 INFO {standby: 1}
2017-07-04 11:51:43,299 17643 INFO {standby: 1}
2017-07-04 11:51:54,313 17643 INFO {standby: 1}
2017-07-04 11:52:05,333 17643 INFO {standby: 1}
2017-07-04 11:52:16,386 17643 INFO {standby: 1}
2017-07-04 11:52:27,407 17643 INFO {standby: 1}
2017-07-04 11:52:38,426 17643 INFO {standby: 1}
2017-07-04 11:52:49,446 17643 INFO {standby: 1}
2017-07-04 11:53:00,469 17643 INFO {standby: 1}
2017-07-04 11:53:11,490 17643 INFO {standby: 1}
2017-07-04 11:53:22,510 17643 INFO {standby: 1}
2017-07-04 11:53:33,547 17643 INFO {standby: 1}
2017-07-04 11:53:44,570 17643 INFO {standby: 1}
2017-07-04 11:53:55,595 17643 INFO {standby: 1}
2017-07-04 11:54:06,617 17643 INFO {standby: 1}
2017-07-04 11:54:17,639 17643 INFO {standby: 1}
2017-07-04 11:54:28,653 17643 INFO {standby: 1}
2017-07-04 11:54:39,673 17643 INFO {standby: 1}
2017-07-04 11:54:50,824 17643 INFO {standby: 1}
2017-07-04 11:55:01,843 17643 INFO {standby: 1}
2017-07-04 11:55:12,869 17643 INFO {standby: 1}
2017-07-04 11:55:23,885 17643 INFO {standby: 1}
2017-07-04 11:55:34,906 17643 INFO {standby: 1}
2017-07-04 11:55:45,926 17643 INFO {standby: 1}
2017-07-04 11:55:56,945 17643 INFO {standby: 1}
2017-07-04 11:56:07,968 17643 INFO {standby: 1}
2017-07-04 11:56:18,993 17643 INFO {standby: 1}
2017-07-04 11:56:30,015 17643 INFO {standby: 1}
2017-07-04 11:56:41,039 17643 INFO {standby: 1}
2017-07-04 11:56:52,063 17643 INFO {standby: 1}
2017-07-04 11:57:03,077 17643 INFO {standby: 1}
2017-07-04 11:57:14,099 17643 INFO {standby: 1}
2017-07-04 11:57:25,125 17643 INFO {standby: 1}
2017-07-04 11:57:36,147 17643 INFO {standby: 1}
2017-07-04 11:57:47,169 17643 INFO {standby: 1}
2017-07-04 11:57:58,243 17643 INFO {standby: 1}
2017-07-04 11:58:09,263 17643 INFO {standby: 1}
2017-07-04 11:58:20,287 17643 INFO {standby: 1}
2017-07-04 11:58:31,303 17643 INFO {standby: 1}
2017-07-04 11:58:42,327 17643 INFO {standby: 1}
2017-07-04 11:58:53,351 17643 INFO {standby: 1}
2017-07-04 11:59:04,368 17643 INFO {standby: 1}
2017-07-04 11:59:15,397 17643 INFO {standby: 1}
2017-07-04 11:59:26,422 17643 INFO {standby: 1}
2017-07-04 11:59:37,459 17643 INFO {standby: 1}
2017-07-04 11:59:48,497 17643 INFO {standby: 1}
2017-07-04 11:59:59,528 17643 INFO {standby: 1}
2017-07-04 12:00:10,560 17643 INFO {standby: 1}
2017-07-04 12:00:21,580 17643 INFO {standby: 1}
2017-07-04 12:00:32,604 17643 INFO {standby: 1}
2017-07-04 12:00:43,625 17643 INFO {standby: 1}
2017-07-04 12:00:54,658 17643 INFO {standby: 1}
2017-07-04 12:01:05,697 17643 INFO {standby: 1}
2017-07-04 12:01:16,718 17643 INFO {standby: 1}
2017-07-04 12:01:27,743 17643 INFO {standby: 1}
2017-07-04 12:01:38,779 17643 INFO {standby: 1}
2017-07-04 12:01:49,799 17643 INFO {standby: 1}
2017-07-04 12:02:00,819 17643 INFO {standby: 1}
2017-07-04 12:02:11,887 17643 INFO {standby: 1}
2017-07-04 12:02:22,908 17643 INFO {standby: 1}
2017-07-04 12:02:33,929 17643 INFO {standby: 1}
2017-07-04 12:02:45,002 17643 INFO {standby: 1}
2017-07-04 12:02:56,011 17643 INFO {standby: 1}
2017-07-04 12:03:07,044 17643 INFO {standby: 1}
2017-07-04 12:03:18,062 17643 INFO {standby: 1}
2017-07-04 12:03:29,099 17643 INFO {standby: 1}
2017-07-04 12:03:40,121 17643 INFO {standby: 1}
2017-07-04 12:03:51,145 17643 INFO {standby: 1}
2017-07-04 12:04:02,165 17643 INFO {standby: 1}
2017-07-04 12:04:13,188 17643 INFO {standby: 1}
2017-07-04 12:04:24,215 17643 INFO {standby: 1}
2017-07-04 12:04:35,265 17643 INFO {standby: 1}
2017-07-04 12:04:46,303 17643 INFO {standby: 1}
2017-07-04 12:04:57,327 17643 INFO {standby: 1}
2017-07-04 12:05:08,372 17643 INFO {standby: 1}
2017-07-04 12:05:19,396 17643 INFO {standby: 1}
2017-07-04 12:05:30,412 17643 INFO {standby: 1}
2017-07-04 12:05:41,437 17643 INFO {standby: 1}
2017-07-04 12:05:52,459 17643 INFO {standby: 1}
2017-07-04 12:06:03,475 17643 INFO {standby: 1}
2017-07-04 12:06:14,487 17643 INFO {standby: 1}
2017-07-04 12:06:25,508 17643 INFO {standby: 1}
2017-07-04 12:06:36,527 17643 INFO {standby: 1}
2017-07-04 12:06:47,551 17643 INFO {standby: 1}
2017-07-04 12:06:58,608 17643 INFO {standby: 1}
2017-07-04 12:07:09,628 17643 INFO {standby: 1}
2017-07-04 12:07:20,651 17643 INFO {standby: 1}
2017-07-04 12:07:31,674 17643 INFO {standby: 1}
2017-07-04 12:07:42,690 17643 INFO {standby: 1}
2017-07-04 12:07:53,708 17643 INFO {standby: 1}
2017-07-04 12:08:04,723 17643 INFO {standby: 1}
2017-07-04 12:08:15,734 17643 INFO {standby: 1}
2017-07-04 12:08:26,751 17643 INFO {standby: 1}
2017-07-04 12:08:37,772 17643 INFO {standby: 1}
2017-07-04 12:08:48,800 17643 INFO {standby: 1}
2017-07-04 12:08:59,818 17643 INFO {standby: 1}
2017-07-04 12:09:10,834 17643 INFO {standby: 1}
2017-07-04 12:09:21,856 17643 INFO {standby: 1}
2017-07-04 12:09:32,892 17643 INFO {standby: 1}
2017-07-04 12:09:43,908 17643 INFO {standby: 1}
2017-07-04 12:09:54,927 17643 INFO {standby: 1}
2017-07-04 12:10:05,950 17643 INFO {standby: 1}
2017-07-04 12:10:16,979 17643 INFO {standby: 1}
2017-07-04 12:10:27,999 17643 INFO {standby: 1}
2017-07-04 12:10:39,015 17643 INFO {standby: 1}
2017-07-04 12:10:50,043 17643 INFO {standby: 1}
2017-07-04 12:11:01,079 17643 INFO {standby: 1}
2017-07-04 12:11:12,105 17643 INFO {standby: 1}
2017-07-04 12:11:23,117 17643 INFO {standby: 1}
2017-07-04 12:11:34,139 17643 INFO {standby: 1}
2017-07-04 12:11:45,163 17643 INFO {standby: 1}
2017-07-04 12:11:56,174 17643 INFO {standby: 1}
2017-07-04 12:12:07,196 17643 INFO {standby: 1}
2017-07-04 12:12:18,220 17643 INFO {standby: 1}
2017-07-04 12:12:29,231 17643 INFO {standby: 1}
2017-07-04 12:12:40,256 17643 INFO {standby: 1}
2017-07-04 12:12:51,279 17643 INFO {standby: 1}
2017-07-04 12:13:02,327 17643 INFO {standby: 1}
2017-07-04 12:13:13,347 17643 INFO {standby: 1}
2017-07-04 12:13:24,371 17643 INFO {standby: 1}
2017-07-04 12:13:35,396 17643 INFO {standby: 1}
2017-07-04 12:13:46,415 17643 INFO {standby: 1}
2017-07-04 12:13:57,437 17643 INFO {standby: 1}
2017-07-04 12:14:08,456 17643 INFO {standby: 1}
2017-07-04 12:14:19,477 17643 INFO {standby: 1}
2017-07-04 12:14:30,495 17643 INFO {standby: 1}
2017-07-04 12:14:41,563 17643 INFO {standby: 1}
2017-07-04 12:14:52,586 17643 INFO {standby: 1}
2017-07-04 12:15:03,603 17643 INFO {standby: 1}
2017-07-04 12:15:14,689 17643 INFO {standby: 1}
2017-07-04 12:15:25,714 17643 INFO {standby: 1}
2017-07-04 12:15:36,733 17643 INFO {standby: 1}
2017-07-04 12:15:47,755 17643 INFO {standby: 1}
2017-07-04 12:15:58,776 17643 INFO {standby: 1}
2017-07-04 12:16:09,796 17643 INFO {standby: 1}
2017-07-04 12:16:20,822 17643 INFO {standby: 1}
2017-07-04 12:16:31,843 17643 INFO {standby: 1}
2017-07-04 12:16:42,860 17643 INFO {standby: 1}
2017-07-04 12:16:53,880 17643 INFO {standby: 1}
2017-07-04 12:17:04,901 17643 INFO {standby: 1}
2017-07-04 12:17:15,922 17643 INFO {standby: 1}
2017-07-04 12:17:26,943 17643 INFO {standby: 1}
2017-07-04 12:17:37,961 17643 INFO {standby: 1}
2017-07-04 12:17:49,003 17643 INFO {standby: 1}
2017-07-04 12:18:00,022 17643 INFO {standby: 1}
2017-07-04 12:18:11,044 17643 INFO {standby: 1}
2017-07-04 12:18:22,063 17643 INFO {standby: 1}
2017-07-04 12:18:33,087 17643 INFO {standby: 1}
2017-07-04 12:18:44,121 17643 INFO {standby: 1}
2017-07-04 12:18:55,143 17643 INFO {standby: 1}
2017-07-04 12:19:06,158 17643 INFO {standby: 1}
2017-07-04 12:19:17,173 17643 INFO {standby: 1}
2017-07-04 12:19:28,196 17643 INFO {standby: 1}
2017-07-04 12:19:39,219 17643 INFO {standby: 1}
2017-07-04 12:19:50,235 17643 INFO {standby: 1}
2017-07-04 12:20:01,271 17643 INFO {standby: 1}
2017-07-04 12:20:12,314 17643 INFO {standby: 1}
2017-07-04 12:20:23,338 17643 INFO {standby: 1}
2017-07-04 12:20:34,371 17643 INFO {standby: 1}
2017-07-04 12:20:45,403 17643 INFO {standby: 1}
2017-07-04 12:20:56,423 17643 INFO {standby: 1}
2017-07-04 12:21:07,446 17643 INFO {standby: 1}
2017-07-04 12:21:18,471 17643 INFO {standby: 1}
2017-07-04 12:21:29,487 17643 INFO {standby: 1}
2017-07-04 12:21:40,511 17643 INFO {standby: 1}
2017-07-04 12:21:51,545 17643 INFO {standby: 1}
2017-07-04 12:22:02,575 17643 INFO {standby: 1}
2017-07-04 12:22:13,633 17643 INFO {standby: 1}
2017-07-04 12:22:24,652 17643 INFO {standby: 1}
2017-07-04 12:22:35,687 17643 INFO {standby: 1}
2017-07-04 12:22:46,730 17643 INFO {standby: 1}
2017-07-04 12:22:57,749 17643 INFO {standby: 1}
2017-07-04 12:23:08,770 17643 INFO {standby: 1}
2017-07-04 12:23:19,784 17643 INFO {standby: 1}
2017-07-04 12:23:30,803 17643 INFO {standby: 1}
2017-07-04 12:23:41,820 17643 INFO {standby: 1}
2017-07-04 12:23:52,848 17643 INFO {standby: 1}
2017-07-04 12:24:03,878 17643 INFO {standby: 1}
2017-07-04 12:24:14,912 17643 INFO {standby: 1}
2017-07-04 12:24:25,947 17643 INFO {standby: 1}
2017-07-04 12:24:36,974 17643 INFO {standby: 1}
2017-07-04 12:24:47,994 17643 INFO {standby: 1}
2017-07-04 12:24:59,027 17643 INFO {standby: 1}
2017-07-04 12:25:10,047 17643 INFO {standby: 1}
2017-07-04 12:25:21,073 17643 INFO {standby: 1}
2017-07-04 12:25:32,088 17643 INFO {standby: 1}
2017-07-04 12:25:43,116 17643 INFO {standby: 1}
2017-07-04 12:25:54,132 17643 INFO {standby: 1}
2017-07-04 12:26:05,171 17643 INFO {standby: 1}
2017-07-04 12:26:16,187 17643 INFO {standby: 1}
2017-07-04 12:26:27,211 17643 INFO {standby: 1}
2017-07-04 12:26:38,236 17643 INFO {standby: 1}
2017-07-04 12:26:49,264 17643 INFO {standby: 1}
2017-07-04 12:27:00,283 17643 INFO {standby: 1}
2017-07-04 12:27:11,304 17643 INFO {standby: 1}
2017-07-04 12:27:22,339 17643 INFO {standby: 1}
2017-07-04 12:27:33,361 17643 INFO {standby: 1}
2017-07-04 12:27:44,372 17643 INFO {standby: 1}
2017-07-04 12:27:55,412 17643 INFO {standby: 1}
2017-07-04 12:28:06,432 17643 INFO {standby: 1}
2017-07-04 12:28:17,454 17643 INFO {standby: 1}
2017-07-04 12:28:28,474 17643 INFO {standby: 1}
2017-07-04 12:28:39,491 17643 INFO {standby: 1}
2017-07-04 12:28:50,511 17643 INFO {standby: 1}
2017-07-04 12:29:01,529 17643 INFO {standby: 1}
2017-07-04 12:29:12,551 17643 INFO {standby: 1}
2017-07-04 12:29:23,570 17643 INFO {standby: 1}
2017-07-04 12:29:34,590 17643 INFO {standby: 1}
2017-07-04 12:29:45,612 17643 INFO {standby: 1}
2017-07-04 12:29:56,635 17643 INFO {standby: 1}
2017-07-04 12:30:07,661 17643 INFO {standby: 1}
2017-07-04 12:30:18,687 17643 INFO {standby: 1}
2017-07-04 12:30:29,707 17643 INFO {standby: 1}
2017-07-04 12:30:40,723 17643 INFO {standby: 1}
2017-07-04 12:30:51,753 17643 INFO {standby: 1}
2017-07-04 12:31:02,777 17643 INFO {standby: 1}
2017-07-04 12:31:13,803 17643 INFO {standby: 1}
2017-07-04 12:31:24,828 17643 INFO {standby: 1}
2017-07-04 12:31:35,845 17643 INFO {standby: 1}
2017-07-04 12:31:46,868 17643 INFO {standby: 1}
2017-07-04 12:31:57,884 17643 INFO {standby: 1}
2017-07-04 12:32:08,903 17643 INFO {standby: 1}
2017-07-04 12:32:19,920 17643 INFO {standby: 1}
2017-07-04 12:32:30,943 17643 INFO {standby: 1}
2017-07-04 12:32:41,963 17643 INFO {standby: 1}
2017-07-04 12:32:52,986 17643 INFO {standby: 1}
2017-07-04 12:33:04,010 17643 INFO {standby: 1}
2017-07-04 12:33:15,036 17643 INFO {standby: 1}
2017-07-04 12:33:26,107 17643 INFO {standby: 1}
2017-07-04 12:33:37,128 17643 INFO {standby: 1}
2017-07-04 12:33:48,144 17643 INFO {standby: 1}
2017-07-04 12:33:59,159 17643 INFO {standby: 1}
2017-07-04 12:34:10,186 17643 INFO {standby: 1}
2017-07-04 12:34:21,211 17643 INFO {standby: 1}
2017-07-04 12:34:32,226 17643 INFO {standby: 1}
2017-07-04 12:34:43,252 17643 INFO {standby: 1}
2017-07-04 12:34:54,268 17643 INFO {standby: 1}
2017-07-04 12:35:05,284 17643 INFO {standby: 1}
2017-07-04 12:35:16,299 17643 INFO {standby: 1}
2017-07-04 12:35:27,315 17643 INFO {standby: 1}
2017-07-04 12:35:38,336 17643 INFO {standby: 1}
2017-07-04 12:35:49,360 17643 INFO {standby: 1}
2017-07-04 12:36:00,387 17643 INFO {standby: 1}
2017-07-04 12:36:11,409 17643 INFO {standby: 1}
2017-07-04 12:36:22,427 17643 INFO {standby: 1}
2017-07-04 12:36:33,448 17643 INFO {standby: 1}
2017-07-04 12:36:44,469 17643 INFO {standby: 1}
2017-07-04 12:36:55,493 17643 INFO {standby: 1}
2017-07-04 12:37:06,519 17643 INFO {standby: 1}
2017-07-04 12:37:17,543 17643 INFO {standby: 1}
2017-07-04 12:37:28,563 17643 INFO {standby: 1}
2017-07-04 12:37:39,583 17643 INFO {standby: 1}
2017-07-04 12:37:50,599 17643 INFO {standby: 1}
2017-07-04 12:38:01,616 17643 INFO {standby: 1}
2017-07-04 12:38:12,627 17643 INFO {standby: 1}
2017-07-04 12:38:23,651 17643 INFO {standby: 1}
2017-07-04 12:38:34,677 17643 INFO {standby: 1}
2017-07-04 12:38:45,705 17643 INFO {standby: 1}
2017-07-04 12:38:56,727 17643 INFO {standby: 1}
2017-07-04 12:39:07,751 17643 INFO {standby: 1}
2017-07-04 12:39:18,775 17643 INFO {standby: 1}
2017-07-04 12:39:29,798 17643 INFO {standby: 1}
2017-07-04 12:39:40,818 17643 INFO {standby: 1}
2017-07-04 12:39:51,839 17643 INFO {standby: 1}
2017-07-04 12:40:02,859 17643 INFO {standby: 1}
2017-07-04 12:40:13,885 17643 INFO {standby: 1}
2017-07-04 12:40:24,910 17643 INFO {standby: 1}
2017-07-04 12:40:35,932 17643 INFO {standby: 1}
2017-07-04 12:40:46,976 17643 INFO {standby: 1}
2017-07-04 12:40:57,995 17643 INFO {standby: 1}
2017-07-04 12:41:09,024 17643 INFO {standby: 1}
2017-07-04 12:41:20,037 17643 INFO {standby: 1}
2017-07-04 12:41:31,065 17643 INFO {standby: 1}
2017-07-04 12:41:42,077 17643 INFO {standby: 1}
2017-07-04 12:41:53,100 17643 INFO {standby: 1}
2017-07-04 12:42:04,126 17643 INFO {standby: 1}
2017-07-04 12:42:15,159 17643 INFO {standby: 1}
2017-07-04 12:42:26,191 17643 INFO {standby: 1}
2017-07-04 12:42:37,218 17643 INFO {standby: 1}
2017-07-04 12:42:48,243 17643 INFO {standby: 1}
2017-07-04 12:42:59,268 17643 INFO {standby: 1}
2017-07-04 12:43:10,293 17643 INFO {standby: 1}
2017-07-04 12:43:21,308 17643 INFO {standby: 1}
2017-07-04 12:43:32,327 17643 INFO {standby: 1}
2017-07-04 12:43:43,351 17643 INFO {standby: 1}
2017-07-04 12:43:54,375 17643 INFO {standby: 1}
2017-07-04 12:44:05,393 17643 INFO {standby: 1}
2017-07-04 12:44:16,417 17643 INFO {standby: 1}
2017-07-04 12:44:27,442 17643 INFO {standby: 1}
2017-07-04 12:44:38,466 17643 INFO {standby: 1}
2017-07-04 12:44:49,497 17643 INFO {standby: 1}
2017-07-04 12:45:00,519 17643 INFO {standby: 1}
2017-07-04 12:45:11,542 17643 INFO {standby: 1}
2017-07-04 12:45:22,567 17643 INFO {standby: 1}
2017-07-04 12:45:33,611 17643 INFO {standby: 1}
2017-07-04 12:45:44,634 17643 INFO {standby: 1}
2017-07-04 12:45:55,675 17643 INFO {standby: 1}
2017-07-04 12:46:06,699 17643 INFO {standby: 1}
2017-07-04 12:46:17,733 17643 INFO {standby: 1}
2017-07-04 12:46:28,748 17643 INFO {standby: 1}
2017-07-04 12:46:39,763 17643 INFO {standby: 1}
2017-07-04 12:46:50,773 17643 INFO {standby: 1}
2017-07-04 12:47:01,808 17643 INFO {standby: 1}
2017-07-04 12:47:12,866 17643 INFO {standby: 1}
2017-07-04 12:47:23,889 17643 INFO {standby: 1}
2017-07-04 12:47:34,899 17643 INFO {standby: 1}
2017-07-04 12:47:45,923 17643 INFO {standby: 1}
2017-07-04 12:47:57,108 17643 INFO {standby: 1}
2017-07-04 12:48:08,127 17643 INFO {standby: 1}
2017-07-04 12:48:19,149 17643 INFO {standby: 1}
2017-07-04 12:48:30,168 17643 INFO {standby: 1}
2017-07-04 12:48:41,189 17643 INFO {standby: 1}
2017-07-04 12:48:52,199 17643 INFO {standby: 1}
2017-07-04 12:49:03,219 17643 INFO {standby: 1}
2017-07-04 12:49:14,266 17643 INFO {standby: 1}
2017-07-04 12:49:25,372 17643 INFO {standby: 1}
2017-07-04 12:49:36,389 17643 INFO {standby: 1}
2017-07-04 12:49:47,439 17643 INFO {standby: 1}
2017-07-04 12:49:58,476 17643 INFO {standby: 1}
2017-07-04 12:50:09,490 17643 INFO {standby: 1}
2017-07-04 12:50:20,507 17643 INFO {standby: 1}
2017-07-04 12:50:31,530 17643 INFO {standby: 1}
2017-07-04 12:50:42,543 17643 INFO {standby: 1}
2017-07-04 12:50:53,563 17643 INFO {standby: 1}
2017-07-04 12:51:04,582 17643 INFO {standby: 1}
2017-07-04 12:51:15,606 17643 INFO {standby: 1}
2017-07-04 12:51:26,639 17643 INFO {standby: 1}
2017-07-04 12:51:37,654 17643 INFO {standby: 1}
2017-07-04 12:51:48,691 17643 INFO {standby: 1}
2017-07-04 12:51:59,716 17643 INFO {standby: 1}
2017-07-04 12:52:10,731 17643 INFO {standby: 1}
2017-07-04 12:52:21,747 17643 INFO {standby: 1}
2017-07-04 12:52:32,766 17643 INFO {standby: 1}
2017-07-04 12:52:43,784 17643 INFO {standby: 1}
2017-07-04 12:52:54,805 17643 INFO {standby: 1}
2017-07-04 12:53:05,824 17643 INFO {standby: 1}
2017-07-04 12:53:16,847 17643 INFO {standby: 1}
2017-07-04 12:53:27,858 17643 INFO {standby: 1}
2017-07-04 12:53:38,882 17643 INFO {standby: 1}
2017-07-04 12:53:49,903 17643 INFO {standby: 1}
2017-07-04 12:54:00,919 17643 INFO {standby: 1}
2017-07-04 12:54:11,940 17643 INFO {standby: 1}
2017-07-04 12:54:22,966 17643 INFO {standby: 1}
2017-07-04 12:54:33,987 17643 INFO {standby: 1}
2017-07-04 12:54:45,003 17643 INFO {standby: 1}
2017-07-04 12:54:56,014 17643 INFO {standby: 1}
2017-07-04 12:55:07,023 17643 INFO {standby: 1}
2017-07-04 12:55:18,049 17643 INFO {standby: 1}
2017-07-04 12:55:29,075 17643 INFO {standby: 1}
2017-07-04 12:55:40,095 17643 INFO {standby: 1}
2017-07-04 12:55:51,131 17643 INFO {standby: 1}
2017-07-04 12:56:02,147 17643 INFO {standby: 1}
2017-07-04 12:56:13,163 17643 INFO {standby: 1}
2017-07-04 12:56:24,178 17643 INFO {standby: 1}
2017-07-04 12:56:35,203 17643 INFO {standby: 1}
2017-07-04 12:56:46,224 17643 INFO {standby: 1}
2017-07-04 12:56:57,247 17643 INFO {standby: 1}
2017-07-04 12:57:08,283 17643 INFO {standby: 1}
2017-07-04 12:57:19,323 17643 INFO {standby: 1}
2017-07-04 12:57:30,344 17643 INFO {standby: 1}
2017-07-04 12:57:41,369 17643 INFO {standby: 1}
2017-07-04 12:57:52,407 17643 INFO {standby: 1}
2017-07-04 12:58:03,447 17643 INFO {standby: 1}
2017-07-04 12:58:14,479 17643 INFO {standby: 1}
2017-07-04 12:58:25,513 17643 INFO {standby: 1}
2017-07-04 12:58:36,536 17643 INFO {standby: 1}
2017-07-04 12:58:47,552 17643 INFO {standby: 1}
2017-07-04 12:58:58,575 17643 INFO {standby: 1}
2017-07-04 12:59:09,611 17643 INFO {standby: 1}
2017-07-04 12:59:20,648 17643 INFO {standby: 1}
2017-07-04 12:59:31,676 17643 INFO {standby: 1}
2017-07-04 12:59:42,713 17643 INFO {standby: 1}
2017-07-04 12:59:53,760 17643 INFO {standby: 1}
2017-07-04 13:00:04,797 17643 INFO {standby: 1}
2017-07-04 13:00:15,819 17643 INFO {standby: 1}
2017-07-04 13:00:26,843 17643 INFO {standby: 1}
2017-07-04 13:00:37,879 17643 INFO {standby: 1}
2017-07-04 13:00:48,887 17643 INFO {standby: 1}
2017-07-04 13:00:59,910 17643 INFO {standby: 1}
2017-07-04 13:01:10,927 17643 INFO {standby: 1}
2017-07-04 13:01:21,967 17643 INFO {standby: 1}
2017-07-04 13:01:32,996 17643 INFO {standby: 1}
2017-07-04 13:01:44,025 17643 INFO {standby: 1}
2017-07-04 13:01:55,043 17643 INFO {standby: 1}
2017-07-04 13:02:06,071 17643 INFO {standby: 1}
2017-07-04 13:02:17,095 17643 INFO {standby: 1}
2017-07-04 13:02:28,123 17643 INFO {standby: 1}
2017-07-04 13:02:39,164 17643 INFO {standby: 1}
2017-07-04 13:02:50,205 17643 INFO {standby: 1}
2017-07-04 13:03:01,237 17643 INFO {standby: 1}
2017-07-04 13:03:12,273 17643 INFO {standby: 1}
2017-07-04 13:03:23,296 17643 INFO {standby: 1}
2017-07-04 13:03:34,326 17643 INFO {standby: 1}
2017-07-04 13:03:45,348 17643 INFO {standby: 1}
2017-07-04 13:03:56,390 17643 INFO {standby: 1}
2017-07-04 13:04:07,413 17643 INFO {standby: 1}
2017-07-04 13:04:18,427 17643 INFO {standby: 1}
2017-07-04 13:04:29,463 17643 INFO {standby: 1}
2017-07-04 13:04:40,487 17643 INFO {standby: 1}
2017-07-04 13:04:51,508 17643 INFO {standby: 1}
2017-07-04 13:05:02,531 17643 INFO {standby: 1}
2017-07-04 13:05:13,579 17643 INFO {standby: 1}
2017-07-04 13:05:24,607 17643 INFO {standby: 1}
2017-07-04 13:05:35,625 17643 INFO {standby: 1}
2017-07-04 13:05:46,645 17643 INFO {standby: 1}
2017-07-04 13:05:57,662 17643 INFO {standby: 1}
2017-07-04 13:06:08,699 17643 INFO {standby: 1}
2017-07-04 13:06:19,735 17643 INFO {standby: 1}
2017-07-04 13:06:30,756 17643 INFO {standby: 1}
2017-07-04 13:06:41,779 17643 INFO {standby: 1}
2017-07-04 13:06:52,816 17643 INFO {standby: 1}
2017-07-04 13:07:03,838 17643 INFO {standby: 1}
2017-07-04 13:07:14,860 17643 INFO {standby: 1}
2017-07-04 13:07:25,881 17643 INFO {standby: 1}
2017-07-04 13:07:36,906 17643 INFO {standby: 1}
2017-07-04 13:07:47,929 17643 INFO {standby: 1}
2017-07-04 13:07:58,947 17643 INFO {standby: 1}
2017-07-04 13:08:09,965 17643 INFO {standby: 1}
2017-07-04 13:08:20,983 17643 INFO {standby: 1}
2017-07-04 13:08:32,023 17643 INFO {standby: 1}
2017-07-04 13:08:43,046 17643 INFO {standby: 1}
2017-07-04 13:08:54,058 17643 INFO {standby: 1}
2017-07-04 13:09:05,079 17643 INFO {standby: 1}
2017-07-04 13:09:16,108 17643 INFO {standby: 1}
2017-07-04 13:09:27,127 17643 INFO {standby: 1}
2017-07-04 13:09:38,144 17643 INFO {standby: 1}
2017-07-04 13:09:49,187 17643 INFO {standby: 1}
2017-07-04 13:10:00,204 17643 INFO {standby: 1}
2017-07-04 13:10:11,222 17643 INFO {standby: 1}
2017-07-04 13:10:22,246 17643 INFO {standby: 1}
2017-07-04 13:10:33,265 17643 INFO {standby: 1}
2017-07-04 13:10:44,282 17643 INFO {standby: 1}
2017-07-04 13:10:55,301 17643 INFO {standby: 1}
2017-07-04 13:11:06,319 17643 INFO {standby: 1}
2017-07-04 13:11:17,338 17643 INFO {standby: 1}
2017-07-04 13:11:28,357 17643 INFO {standby: 1}
2017-07-04 13:11:39,379 17643 INFO {standby: 1}
2017-07-04 13:11:50,398 17643 INFO {standby: 1}
2017-07-04 13:12:01,430 17643 INFO {standby: 1}
2017-07-04 13:12:12,439 17643 INFO {standby: 1}
2017-07-04 13:12:23,459 17643 INFO {standby: 1}
2017-07-04 13:12:34,478 17643 INFO {standby: 1}
2017-07-04 13:12:45,507 17643 INFO {standby: 1}
2017-07-04 13:12:56,531 17643 INFO {standby: 1}
2017-07-04 13:13:07,553 17643 INFO {standby: 1}
2017-07-04 13:13:18,570 17643 INFO {standby: 1}
2017-07-04 13:13:29,590 17643 INFO {standby: 1}
2017-07-04 13:13:40,611 17643 INFO {standby: 1}
2017-07-04 13:13:51,631 17643 INFO {standby: 1}
2017-07-04 13:14:02,657 17643 INFO {standby: 1}
2017-07-04 13:14:13,674 17643 INFO {standby: 1}
2017-07-04 13:14:24,693 17643 INFO {standby: 1}
2017-07-04 13:14:35,730 17643 INFO {standby: 1}
2017-07-04 13:14:46,761 17643 INFO {standby: 1}
2017-07-04 13:14:57,778 17643 INFO {standby: 1}
2017-07-04 13:15:08,792 17643 INFO {standby: 1}
2017-07-04 13:15:19,807 17643 INFO {standby: 1}
2017-07-04 13:15:30,847 17643 INFO {standby: 1}
2017-07-04 13:15:41,869 17643 INFO {standby: 1}
2017-07-04 13:15:52,890 17643 INFO {standby: 1}
2017-07-04 13:16:03,915 17643 INFO {standby: 1}
2017-07-04 13:16:14,940 17643 INFO {standby: 1}
2017-07-04 13:16:25,963 17643 INFO {standby: 1}
2017-07-04 13:16:36,977 17643 INFO {standby: 1}
2017-07-04 13:16:47,994 17643 INFO {standby: 1}
2017-07-04 13:16:59,176 17643 INFO {standby: 1}
2017-07-04 13:17:10,203 17643 INFO {standby: 1}
2017-07-04 13:17:21,218 17643 INFO {standby: 1}
2017-07-04 13:17:32,240 17643 INFO {standby: 1}
2017-07-04 13:17:43,273 17643 INFO {standby: 1}
2017-07-04 13:17:54,298 17643 INFO {standby: 1}
2017-07-04 13:18:05,322 17643 INFO {standby: 1}
2017-07-04 13:18:16,340 17643 INFO {standby: 1}
2017-07-04 13:18:27,362 17643 INFO {standby: 1}
2017-07-04 13:18:38,379 17643 INFO {standby: 1}
2017-07-04 13:18:49,395 17643 INFO {standby: 1}
2017-07-04 13:19:00,412 17643 INFO {standby: 1}
2017-07-04 13:19:11,435 17643 INFO {standby: 1}
2017-07-04 13:19:22,619 17643 INFO {standby: 1}
2017-07-04 13:19:33,638 17643 INFO {standby: 1}
2017-07-04 13:19:44,657 17643 INFO {standby: 1}
2017-07-04 13:19:55,670 17643 INFO {standby: 1}
2017-07-04 13:20:06,688 17643 INFO {standby: 1}
2017-07-04 13:20:17,710 17643 INFO {standby: 1}
2017-07-04 13:20:28,726 17643 INFO {standby: 1}
2017-07-04 13:20:39,751 17643 INFO {standby: 1}
2017-07-04 13:20:50,774 17643 INFO {standby: 1}
2017-07-04 13:21:01,807 17643 INFO {standby: 1}
2017-07-04 13:21:12,826 17643 INFO {standby: 1}
2017-07-04 13:21:23,848 17643 INFO {standby: 1}
2017-07-04 13:21:34,867 17643 INFO {standby: 1}
2017-07-04 13:21:45,909 17643 INFO {standby: 1}
2017-07-04 13:21:56,947 17643 INFO {standby: 1}
2017-07-04 13:22:07,963 17643 INFO {standby: 1}
2017-07-04 13:22:18,996 17643 INFO {standby: 1}
2017-07-04 13:22:30,011 17643 INFO {standby: 1}
2017-07-04 13:22:41,067 17643 INFO {standby: 1}
2017-07-04 13:22:52,092 17643 INFO {standby: 1}
2017-07-04 13:23:03,110 17643 INFO {standby: 1}
2017-07-04 13:23:14,127 17643 INFO {standby: 1}
2017-07-04 13:23:25,140 17643 INFO {standby: 1}
2017-07-04 13:23:36,163 17643 INFO {standby: 1}
2017-07-04 13:23:47,179 17643 INFO {standby: 1}
2017-07-04 13:23:58,220 17643 INFO {standby: 1}
2017-07-04 13:24:09,249 17643 INFO {standby: 1}
2017-07-04 13:24:20,269 17643 INFO {standby: 1}
2017-07-04 13:24:31,299 17643 INFO {standby: 1}
2017-07-04 13:24:42,344 17643 INFO {standby: 1}
2017-07-04 13:24:53,386 17643 INFO {standby: 1}
2017-07-04 13:25:04,411 17643 INFO {standby: 1}
2017-07-04 13:25:15,435 17643 INFO {standby: 1}
2017-07-04 13:25:26,460 17643 INFO {standby: 1}
2017-07-04 13:25:37,483 17643 INFO {standby: 1}
2017-07-04 13:25:48,507 17643 INFO {standby: 1}
2017-07-04 13:25:59,550 17643 INFO {standby: 1}
2017-07-04 13:26:10,573 17643 INFO {standby: 1}
2017-07-04 13:26:21,591 17643 INFO {standby: 1}
2017-07-04 13:26:32,627 17643 INFO {standby: 1}
2017-07-04 13:26:43,661 17643 INFO {standby: 1}
2017-07-04 13:26:54,679 17643 INFO {standby: 1}
2017-07-04 13:27:05,699 17643 INFO {standby: 1}
2017-07-04 13:27:16,730 17643 INFO {standby: 1}
2017-07-04 13:27:27,766 17643 INFO {standby: 1}
2017-07-04 13:27:38,787 17643 INFO {standby: 1}
2017-07-04 13:27:49,815 17643 INFO {standby: 1}
2017-07-04 13:28:00,836 17643 INFO {standby: 1}
2017-07-04 13:28:11,859 17643 INFO {standby: 1}
2017-07-04 13:28:22,879 17643 INFO {standby: 1}
2017-07-04 13:28:33,908 17643 INFO {standby: 1}
2017-07-04 13:28:45,010 17643 INFO {standby: 1}
2017-07-04 13:28:56,045 17643 INFO {standby: 1}
2017-07-04 13:29:07,065 17643 INFO {standby: 1}
2017-07-04 13:29:18,082 17643 INFO {standby: 1}
2017-07-04 13:29:29,107 17643 INFO {standby: 1}
2017-07-04 13:29:40,131 17643 INFO {standby: 1}
2017-07-04 13:29:51,147 17643 INFO {standby: 1}
2017-07-04 13:30:02,187 17643 INFO {standby: 1}
2017-07-04 13:30:13,203 17643 INFO {standby: 1}
2017-07-04 13:30:24,222 17643 INFO {standby: 1}
2017-07-04 13:30:35,271 17643 INFO {standby: 1}
2017-07-04 13:30:46,287 17643 INFO {standby: 1}
2017-07-04 13:30:57,321 17643 INFO {standby: 1}
2017-07-04 13:31:08,338 17643 INFO {standby: 1}
2017-07-04 13:31:19,364 17643 INFO {standby: 1}
2017-07-04 13:31:30,390 17643 INFO {standby: 1}
2017-07-04 13:31:41,415 17643 INFO {standby: 1}
2017-07-04 13:31:52,440 17643 INFO {standby: 1}
2017-07-04 13:32:03,457 17643 INFO {standby: 1}
2017-07-04 13:32:14,479 17643 INFO {standby: 1}
2017-07-04 13:32:25,495 17643 INFO {standby: 1}
2017-07-04 13:32:36,531 17643 INFO {standby: 1}
2017-07-04 13:32:47,546 17643 INFO {standby: 1}
2017-07-04 13:32:58,565 17643 INFO {standby: 1}
2017-07-04 13:33:09,581 17643 INFO {standby: 1}
2017-07-04 13:33:20,602 17643 INFO {standby: 1}
2017-07-04 13:33:31,620 17643 INFO {standby: 1}
2017-07-04 13:33:42,656 17643 INFO {standby: 1}
2017-07-04 13:33:53,723 17643 INFO {standby: 1}
2017-07-04 13:34:04,755 17643 INFO {standby: 1}
2017-07-04 13:34:15,772 17643 INFO {standby: 1}
2017-07-04 13:34:26,795 17643 INFO {standby: 1}
2017-07-04 13:34:37,855 17643 INFO {standby: 1}
2017-07-04 13:34:48,871 17643 INFO {standby: 1}
2017-07-04 13:34:59,924 17643 INFO {standby: 1}
2017-07-04 13:35:10,948 17643 INFO {standby: 1}
2017-07-04 13:35:21,981 17643 INFO {standby: 1}
2017-07-04 13:35:32,997 17643 INFO {standby: 1}
2017-07-04 13:35:44,019 17643 INFO {standby: 1}
2017-07-04 13:35:55,036 17643 INFO {standby: 1}
2017-07-04 13:36:06,051 17643 INFO {standby: 1}
2017-07-04 13:36:17,070 17643 INFO {standby: 1}
2017-07-04 13:36:28,088 17643 INFO {standby: 1}
2017-07-04 13:36:39,103 17643 INFO {standby: 1}
2017-07-04 13:36:50,136 17643 INFO {standby: 1}
2017-07-04 13:37:01,152 17643 INFO {standby: 1}
2017-07-04 13:37:12,171 17643 INFO {standby: 1}
2017-07-04 13:37:23,214 17643 INFO {standby: 1}
2017-07-04 13:37:34,235 17643 INFO {standby: 1}
2017-07-04 13:37:45,273 17643 INFO {standby: 1}
2017-07-04 13:37:56,294 17643 INFO {standby: 1}
2017-07-04 13:38:07,312 17643 INFO {standby: 1}
2017-07-04 13:38:18,330 17643 INFO {standby: 1}
